生成启动时间为 2011/8/13 16:30:15。
     1>项目“E:\notepad++\AliceFormater\AliceFormater.vcxproj”在节点 2 上(build 个目标)。
     1>InitializeBuildStatus:
         正在对“Debug\AliceFormater.unsuccessfulbuild”执行 Touch 任务。
       ClCompile:
         D:\Program Files\Microsoft Visual Studio 10.0\VC\bin\CL.exe /c /ZI /nologo /W3 /WX- /Od /Oy- /D WIN32 /D _DEBUG /D _WINDOWS /D _USRDLL /D ALICEFORMATER_EXPORTS /D _WINDLL /D _UNICODE /D UNICODE /Gm /EHsc /RTC1 /MDd /GS /fp:precise /Zc:wchar_t /Zc:forScope /Fo"Debug\\" /Fd"Debug\vc100.pdb" /Gd /TP /analyze- /errorReport:prompt AliceFormater.cpp PluginDefinition.cpp
         PluginDefinition.cpp
     1>e:\notepad++\aliceformater\menucmdid.h : warning C4819: 该文件包含不能在当前代码页(936)中表示的字符。请将该文件保存为 Unicode 格式以防止数据丢失
         AliceFormater.cpp
         正在生成代码...
       ManifestResourceCompile:
         所有输出均为最新。
       Link:
         D:\Program Files\Microsoft Visual Studio 10.0\VC\bin\link.exe /ERRORREPORT:PROMPT /OUT:"E:\notepad++\AliceFormater\Debug\AliceFormater.dll" /INCREMENTAL /NOLOGO kernel32.lib user32.lib gdi32.lib winspool.lib comdlg32.lib advapi32.lib shell32.lib ole32.lib oleaut32.lib uuid.lib odbc32.lib odbccp32.lib /MANIFEST /ManifestFile:"Debug\AliceFormater.dll.intermediate.manifest" /MANIFESTUAC:"level='asInvoker' uiAccess='false'" /DEBUG /PDB:"E:\notepad++\AliceFormater\Debug\AliceFormater.pdb" /SUBSYSTEM:WINDOWS /TLBID:1 /DYNAMICBASE /NXCOMPAT /IMPLIB:"E:\notepad++\AliceFormater\Debug\AliceFormater.lib" /MACHINE:X86 /DLL Debug\AliceFormater.dll.embed.manifest.res
         Debug\AliceFormater.obj
         Debug\PluginDefinition.obj
            正在创建库 E:\notepad++\AliceFormater\Debug\AliceFormater.lib 和对象 E:\notepad++\AliceFormater\Debug\AliceFormater.exp
       Manifest:
         C:\Program Files\Microsoft SDKs\Windows\v7.0A\bin\mt.exe /nologo /verbose /out:"Debug\AliceFormater.dll.embed.manifest" /manifest Debug\AliceFormater.dll.intermediate.manifest
         C:\Program Files\Microsoft SDKs\Windows\v7.0A\bin\rc.exe /nologo /fo"Debug\AliceFormater.dll.embed.manifest.res" Debug\AliceFormater_manifest.rc 
       LinkEmbedManifest:
         D:\Program Files\Microsoft Visual Studio 10.0\VC\bin\link.exe /ERRORREPORT:PROMPT /OUT:"E:\notepad++\AliceFormater\Debug\AliceFormater.dll" /INCREMENTAL /NOLOGO kernel32.lib user32.lib gdi32.lib winspool.lib comdlg32.lib advapi32.lib shell32.lib ole32.lib oleaut32.lib uuid.lib odbc32.lib odbccp32.lib /MANIFEST /ManifestFile:"Debug\AliceFormater.dll.intermediate.manifest" /MANIFESTUAC:"level='asInvoker' uiAccess='false'" /DEBUG /PDB:"E:\notepad++\AliceFormater\Debug\AliceFormater.pdb" /SUBSYSTEM:WINDOWS /TLBID:1 /DYNAMICBASE /NXCOMPAT /IMPLIB:"E:\notepad++\AliceFormater\Debug\AliceFormater.lib" /MACHINE:X86 /DLL Debug\AliceFormater.dll.embed.manifest.res
         Debug\AliceFormater.obj
         Debug\PluginDefinition.obj
            正在创建库 E:\notepad++\AliceFormater\Debug\AliceFormater.lib 和对象 E:\notepad++\AliceFormater\Debug\AliceFormater.exp
         AliceFormater.vcxproj -> E:\notepad++\AliceFormater\Debug\AliceFormater.dll
       FinalizeBuildStatus:
         正在删除文件“Debug\AliceFormater.unsuccessfulbuild”。
         正在对“Debug\AliceFormater.lastbuildstate”执行 Touch 任务。
     1>已完成生成项目“E:\notepad++\AliceFormater\AliceFormater.vcxproj”(build 个目标)的操作。

生成成功。

已用时间 00:00:02.20
